[debug] [2018-03-11T21:22:27.902Z] ----------------------------------------------------------------------
[debug] [2018-03-11T21:22:27.906Z] Command:       /usr/local/bin/node /usr/local/bin/firebase deploy
[debug] [2018-03-11T21:22:27.907Z] CLI Version:   3.16.0
[debug] [2018-03-11T21:22:27.907Z] Platform:      darwin
[debug] [2018-03-11T21:22:27.907Z] Node Version:  v6.5.0
[debug] [2018-03-11T21:22:27.908Z] Time:          Sun Mar 11 2018 23:22:27 GMT+0200 (IST)
[debug] [2018-03-11T21:22:27.908Z] ----------------------------------------------------------------------
[debug] 
[debug] [2018-03-11T21:22:27.943Z] > command requires scopes: ["email","openid","https://www.googleapis.com/auth/cloudplatformprojects.readonly","https://www.googleapis.com/auth/firebase","https://www.googleapis.com/auth/cloud-platform"]
[debug] [2018-03-11T21:22:27.943Z] > authorizing via signed-in user
[debug] [2018-03-11T21:22:27.949Z] >>> HTTP REQUEST GET https://admin.firebase.com/v1/projects/gene420site  
  
 Sun Mar 11 2018 23:22:27 GMT+0200 (IST)
[debug] [2018-03-11T21:22:28.861Z] <<< HTTP RESPONSE 200
[debug] [2018-03-11T21:22:28.864Z] >>> HTTP REQUEST GET https://admin.firebase.com/v1/database/gene420site/tokens  
  
 Sun Mar 11 2018 23:22:28 GMT+0200 (IST)
[debug] [2018-03-11T21:22:29.580Z] <<< HTTP RESPONSE 200
[info] 
[info] === Deploying to 'gene420site'...
[info] 
[info] i  deploying hosting
[info] i  hosting: preparing dist directory for upload...
[debug] [2018-03-11T21:22:31.494Z] >>> HTTP REQUEST PUT https://deploy.firebase.com/v1/hosting/gene420site/uploads/-L7LwNSpQAp3fCHtsRJm?fileCount=38&message=  
  
 Sun Mar 11 2018 23:22:31 GMT+0200 (IST)
